Detecting CXX compiler ABI info failed to compile with the following output:
Change Dir: /Users/renchong/GitHubResource/xp-test/Xptest/app/.cxx/Debug/2a4m1p5m/arm64-v8a/CMakeFiles/CMakeTmp

Run Build Command(s):/Users/renchong/Library/Android/sdk/cmake/3.18.1/bin/ninja cmTC_45492 && [1/2] Building CXX object CMakeFiles/cmTC_45492.dir/CMakeCXXCompilerABI.cpp.o
FAILED: CMakeFiles/cmTC_45492.dir/CMakeCXXCompilerABI.cpp.o 
/Users/renchong/Library/Android/sdk/ndk/21.4.7075529/toolchains/llvm/prebuilt/darwin-x86_64/bin/clang++ --target=aarch64-none-linux-android21 --gcc-toolchain=/Users/renchong/Library/Android/sdk/ndk/21.4.7075529/toolchains/llvm/prebuilt/darwin-x86_64 --sysroot=/Users/renchong/Library/Android/sdk/ndk/21.4.7075529/toolchains/llvm/prebuilt/darwin-x86_64/sysroot   -g -DANDROID -fdata-sections -ffunction-sections -funwind-tables -fstack-protector-strong -no-canonical-prefixes -D_FORTIFY_SOURCE=2 -Wformat  -std=c++20  -fPIE   -v -MD -MT CMakeFiles/cmTC_45492.dir/CMakeCXXCompilerABI.cpp.o -MF CMakeFiles/cmTC_45492.dir/CMakeCXXCompilerABI.cpp.o.d -o CMakeFiles/cmTC_45492.dir/CMakeCXXCompilerABI.cpp.o -c /Users/renchong/Library/Android/sdk/cmake/3.18.1/share/cmake-3.18/Modules/CMakeCXXCompilerABI.cpp
Android (7019983 based on r365631c3) clang version 9.0.9 (https://android.googlesource.com/toolchain/llvm-project a2a1e703c0edb03ba29944e529ccbf457742737b) (based on LLVM 9.0.9svn)
Target: aarch64-none-linux-android21
Thread model: posix
InstalledDir: /Users/renchong/Library/Android/sdk/ndk/21.4.7075529/toolchains/llvm/prebuilt/darwin-x86_64/bin
Found candidate GCC installation: /Users/renchong/Library/Android/sdk/ndk/21.4.7075529/toolchains/llvm/prebuilt/darwin-x86_64/lib/gcc/aarch64-linux-android/4.9.x
Selected GCC installation: /Users/renchong/Library/Android/sdk/ndk/21.4.7075529/toolchains/llvm/prebuilt/darwin-x86_64/lib/gcc/aarch64-linux-android/4.9.x
Candidate multilib: .;@m64
Selected multilib: .;@m64
 "/Users/renchong/Library/Android/sdk/ndk/21.4.7075529/toolchains/llvm/prebuilt/darwin-x86_64/bin/clang++" -cc1 -triple aarch64-none-linux-android21 -emit-obj -mrelax-all -mnoexecstack -disable-free -disable-llvm-verifier -discard-value-names -main-file-name CMakeCXXCompilerABI.cpp -mrelocation-model pic -pic-level 2 -pic-is-pie -mthread-model posix -mdisable-fp-elim -masm-verbose -mconstructor-aliases -munwind-tables -fuse-init-array -target-cpu generic -target-feature +neon -target-abi aapcs -mllvm -aarch64-fix-cortex-a53-835769=1 -fallow-half-arguments-and-returns -dwarf-column-info -debug-info-kind=limited -dwarf-version=4 -debugger-tuning=gdb -target-linker-version 305 -v -ffunction-sections -fdata-sections -coverage-notes-file /Users/renchong/GitHubResource/xp-test/Xptest/app/.cxx/Debug/2a4m1p5m/arm64-v8a/CMakeFiles/CMakeTmp/CMakeFiles/cmTC_45492.dir/CMakeCXXCompilerABI.cpp.gcno -resource-dir /Users/renchong/Library/Android/sdk/ndk/21.4.7075529/toolchains/llvm/prebuilt/darwin-x86_64/lib64/clang/9.0.9 -dependency-file CMakeFiles/cmTC_45492.dir/CMakeCXXCompilerABI.cpp.o.d -sys-header-deps -MT CMakeFiles/cmTC_45492.dir/CMakeCXXCompilerABI.cpp.o -D ANDROID -D _FORTIFY_SOURCE=2 -isysroot /Users/renchong/Library/Android/sdk/ndk/21.4.7075529/toolchains/llvm/prebuilt/darwin-x86_64/sysroot -internal-isystem /Users/renchong/Library/Android/sdk/ndk/21.4.7075529/toolchains/llvm/prebuilt/darwin-x86_64/sysroot/usr/include/c++/v1 -internal-isystem /Users/renchong/Library/Android/sdk/ndk/21.4.7075529/toolchains/llvm/prebuilt/darwin-x86_64/sysroot/usr/local/include -internal-isystem /Users/renchong/Library/Android/sdk/ndk/21.4.7075529/toolchains/llvm/prebuilt/darwin-x86_64/lib64/clang/9.0.9/include -internal-externc-isystem /Users/renchong/Library/Android/sdk/ndk/21.4.7075529/toolchains/llvm/prebuilt/darwin-x86_64/sysroot/usr/include/aarch64-linux-android -internal-externc-isystem /Users/renchong/Library/Android/sdk/ndk/21.4.7075529/toolchains/llvm/prebuilt/darwin-x86_64/sysroot/include -internal-externc-isystem /Users/renchong/Library/Android/sdk/ndk/21.4.7075529/toolchains/llvm/prebuilt/darwin-x86_64/sysroot/usr/include -Wformat -std=c++20 -fdeprecated-macro -fdebug-compilation-dir /Users/renchong/GitHubResource/xp-test/Xptest/app/.cxx/Debug/2a4m1p5m/arm64-v8a/CMakeFiles/CMakeTmp -ferror-limit 19 -fmessage-length 0 -stack-protector 2 -fno-signed-char -fobjc-runtime=gcc -fcxx-exceptions -fexceptions -fdiagnostics-show-option -o CMakeFiles/cmTC_45492.dir/CMakeCXXCompilerABI.cpp.o -x c++ /Users/renchong/Library/Android/sdk/cmake/3.18.1/share/cmake-3.18/Modules/CMakeCXXCompilerABI.cpp
error: invalid value 'c++20' in '-std=c++20'
note: use 'c++98' or 'c++03' for 'ISO C++ 1998 with amendments' standard
note: use 'gnu++98' or 'gnu++03' for 'ISO C++ 1998 with amendments and GNU extensions' standard
note: use 'c++11' for 'ISO C++ 2011 with amendments' standard
note: use 'gnu++11' for 'ISO C++ 2011 with amendments and GNU extensions' standard
note: use 'c++14' for 'ISO C++ 2014 with amendments' standard
note: use 'gnu++14' for 'ISO C++ 2014 with amendments and GNU extensions' standard
note: use 'c++17' for 'ISO C++ 2017 with amendments' standard
note: use 'gnu++17' for 'ISO C++ 2017 with amendments and GNU extensions' standard
note: use 'c++2a' for 'Working draft for ISO C++ 2020' standard
note: use 'gnu++2a' for 'Working draft for ISO C++ 2020 with GNU extensions' standard
ninja: build stopped: subcommand failed.




Determining if the CXX compiler works failed with the following output:
Change Dir: /Users/renchong/GitHubResource/xp-test/Xptest/app/.cxx/Debug/2a4m1p5m/arm64-v8a/CMakeFiles/CMakeTmp

Run Build Command(s):/Users/renchong/Library/Android/sdk/cmake/3.18.1/bin/ninja cmTC_f9d69 && [1/2] Building CXX object CMakeFiles/cmTC_f9d69.dir/testCXXCompiler.cxx.o
FAILED: CMakeFiles/cmTC_f9d69.dir/testCXXCompiler.cxx.o 
/Users/renchong/Library/Android/sdk/ndk/21.4.7075529/toolchains/llvm/prebuilt/darwin-x86_64/bin/clang++ --target=aarch64-none-linux-android21 --gcc-toolchain=/Users/renchong/Library/Android/sdk/ndk/21.4.7075529/toolchains/llvm/prebuilt/darwin-x86_64 --sysroot=/Users/renchong/Library/Android/sdk/ndk/21.4.7075529/toolchains/llvm/prebuilt/darwin-x86_64/sysroot   -g -DANDROID -fdata-sections -ffunction-sections -funwind-tables -fstack-protector-strong -no-canonical-prefixes -D_FORTIFY_SOURCE=2 -Wformat -Werror=format-security  -std=c++20  -fPIE -MD -MT CMakeFiles/cmTC_f9d69.dir/testCXXCompiler.cxx.o -MF CMakeFiles/cmTC_f9d69.dir/testCXXCompiler.cxx.o.d -o CMakeFiles/cmTC_f9d69.dir/testCXXCompiler.cxx.o -c testCXXCompiler.cxx
error: invalid value 'c++20' in '-std=c++20'
note: use 'c++98' or 'c++03' for 'ISO C++ 1998 with amendments' standard
note: use 'gnu++98' or 'gnu++03' for 'ISO C++ 1998 with amendments and GNU extensions' standard
note: use 'c++11' for 'ISO C++ 2011 with amendments' standard
note: use 'gnu++11' for 'ISO C++ 2011 with amendments and GNU extensions' standard
note: use 'c++14' for 'ISO C++ 2014 with amendments' standard
note: use 'gnu++14' for 'ISO C++ 2014 with amendments and GNU extensions' standard
note: use 'c++17' for 'ISO C++ 2017 with amendments' standard
note: use 'gnu++17' for 'ISO C++ 2017 with amendments and GNU extensions' standard
note: use 'c++2a' for 'Working draft for ISO C++ 2020' standard
note: use 'gnu++2a' for 'Working draft for ISO C++ 2020 with GNU extensions' standard
ninja: build stopped: subcommand failed.



